<?xml version="1.0" encoding="UTF-8"?>
<testsuite xmlns:xsi="http://www.w3.org/2001/XMLSchema-instance" xsi:noNamespaceSchemaLocation="https://maven.apache.org/surefire/maven-surefire-plugin/xsd/surefire-test-report.xsd" name="com.disqo.notesapp.user.UserControllerTest" time="2.447" tests="1" errors="0" skipped="0" failures="1">
  <properties>
[...]
</properties>
  <testcase name="getHello" classname="com.disqo.notesapp.user.UserControllerTest" time="0.049">
    <failure message="Status expected:&lt;200&gt; but was:&lt;401&gt;" type="java.lang.AssertionError"><![CDATA[java.lang.AssertionError: Status expected:<200> but was:<401>
	at com.disqo.notesapp.user.UserControllerTest.getHello(UserControllerTest.java:26)
]]></failure>
    <system-out><![CDATA[2021-12-26 21:47:53.637  INFO 11768 --- [           main] .b.t.c.SpringBootTestContextBootstrapper : Neither @ContextConfiguration nor @ContextHierarchy found for test class [com.disqo.notesapp.user.UserControllerTest], using SpringBootContextLoader
2021-12-26 21:47:53.638  INFO 11768 --- [           main] o.s.t.c.support.AbstractContextLoader    : Could not detect default resource locations for test class [com.disqo.notesapp.user.UserControllerTest]: no resource found for suffixes {-context.xml, Context.groovy}.
2021-12-26 21:47:53.638  INFO 11768 --- [           main] t.c.s.AnnotationConfigContextLoaderUtils : Could not detect default configuration classes for test class [com.disqo.notesapp.user.UserControllerTest]: UserControllerTest does not declare any static, non-private, non-final, nested classes annotated with @Configuration.
2021-12-26 21:47:53.649  INFO 11768 --- [           main] .b.t.c.SpringBootTestContextBootstrapper : Found @SpringBootConfiguration com.disqo.notesapp.NotesAppApplication for test class com.disqo.notesapp.user.UserControllerTest
2021-12-26 21:47:53.653  INFO 11768 --- [           main] .b.t.c.SpringBootTestContextBootstrapper : Loaded default TestExecutionListener class names from location [META-INF/spring.factories]: [org.springframework.boot.test.mock.mockito.MockitoTestExecutionListener, org.springframework.boot.test.mock.mockito.ResetMocksTestExecutionListener, org.springframework.boot.test.autoconfigure.restdocs.RestDocsTestExecutionListener, org.springframework.boot.test.autoconfigure.web.client.MockRestServiceServerResetTestExecutionListener, org.springframework.boot.test.autoconfigure.web.servlet.MockMvcPrintOnlyOnFailureTestExecutionListener, org.springframework.boot.test.autoconfigure.web.servlet.WebDriverTestExecutionListener, org.springframework.boot.test.autoconfigure.webservices.client.MockWebServiceServerTestExecutionListener, org.springframework.test.context.web.ServletTestExecutionListener, org.springframework.test.context.support.DirtiesContextBeforeModesTestExecutionListener, org.springframework.test.context.event.ApplicationEventsTestExecutionListener, org.springframework.test.context.support.DependencyInjectionTestExecutionListener, org.springframework.test.context.support.DirtiesContextTestExecutionListener, org.springframework.test.context.transaction.TransactionalTestExecutionListener, org.springframework.test.context.jdbc.SqlScriptsTestExecutionListener, org.springframework.test.context.event.EventPublishingTestExecutionListener]
2021-12-26 21:47:53.654  INFO 11768 --- [           main] .b.t.c.SpringBootTestContextBootstrapper : Using TestExecutionListeners: [org.springframework.test.context.web.ServletTestExecutionListener@12921ee1, org.springframework.test.context.support.DirtiesContextBeforeModesTestExecutionListener@7695184b, org.springframework.test.context.event.ApplicationEventsTestExecutionListener@29390110, org.springframework.boot.test.mock.mockito.MockitoTestExecutionListener@4b89515b, org.springframework.boot.test.autoconfigure.SpringBootDependencyInjectionTestExecutionListener@496e2bdd, org.springframework.test.context.support.DirtiesContextTestExecutionListener@17e725fb, org.springframework.test.context.transaction.TransactionalTestExecutionListener@76379796, org.springframework.test.context.jdbc.SqlScriptsTestExecutionListener@77350382, org.springframework.test.context.event.EventPublishingTestExecutionListener@4fbdee7a, org.springframework.boot.test.mock.mockito.ResetMocksTestExecutionListener@615bd28b, org.springframework.boot.test.autoconfigure.restdocs.RestDocsTestExecutionListener@2b9a7211, org.springframework.boot.test.autoconfigure.web.client.MockRestServiceServerResetTestExecutionListener@74ec4df3, org.springframework.boot.test.autoconfigure.web.servlet.MockMvcPrintOnlyOnFailureTestExecutionListener@5482b32a, org.springframework.boot.test.autoconfigure.web.servlet.WebDriverTestExecutionListener@6bf2ecbb, org.springframework.boot.test.autoconfigure.webservices.client.MockWebServiceServerTestExecutionListener@1300112e]

  .   ____          _            __ _ _
 /\\ / ___'_ __ _ _(_)_ __  __ _ \ \ \ \
( ( )\___ | '_ | '_| | '_ \/ _` | \ \ \ \
 \\/  ___)| |_)| | | | | || (_| |  ) ) ) )
  '  |____| .__|_| |_|_| |_\__, | / / / /
 =========|_|==============|___/=/_/_/_/
 :: Spring Boot ::                (v2.5.8)

2021-12-26 21:47:53.733  INFO 11768 --- [           main] c.d.notesapp.user.UserControllerTest     : Starting UserControllerTest using Java 17.0.1 on DESKTOP-AANTDR0 with PID 11768 (started by supri in C:\Users\supri\Desktop\Java related\notes-app)
2021-12-26 21:47:53.734  INFO 11768 --- [           main] c.d.notesapp.user.UserControllerTest     : No active profile set, falling back to default profiles: default
2021-12-26 21:47:54.138  INFO 11768 --- [           main] .s.d.r.c.RepositoryConfigurationDelegate : Bootstrapping Spring Data JPA repositories in DEFAULT mode.
2021-12-26 21:47:54.195  INFO 11768 --- [           main] .s.d.r.c.RepositoryConfigurationDelegate : Finished Spring Data repository scanning in 55 ms. Found 1 JPA repository interfaces.
2021-12-26 21:47:54.529  INFO 11768 --- [           main] o.hibernate.jpa.internal.util.LogHelper  : HHH000204: Processing PersistenceUnitInfo [name: default]
2021-12-26 21:47:54.546  INFO 11768 --- [           main] com.zaxxer.hikari.HikariDataSource       : HikariPool-3 - Starting...
2021-12-26 21:47:54.602  INFO 11768 --- [           main] com.zaxxer.hikari.HikariDataSource       : HikariPool-3 - Start completed.
2021-12-26 21:47:54.602  INFO 11768 --- [           main] org.hibernate.dialect.Dialect            : HHH000400: Using dialect: org.hibernate.dialect.MySQL8Dialect
2021-12-26 21:47:54.614  INFO 11768 --- [           main] o.hibernate.id.enhanced.TableGenerator   : HHH000398: Explicit segment value for id generator [hibernate_sequences.sequence_name] suggested; using default [default]
2021-12-26 21:47:54.686  INFO 11768 --- [           main] o.h.e.t.j.p.i.JtaPlatformInitiator       : HHH000490: Using JtaPlatform implementation: [org.hibernate.engine.transaction.jta.platform.internal.NoJtaPlatform]
2021-12-26 21:47:54.686  INFO 11768 --- [           main] j.LocalContainerEntityManagerFactoryBean : Initialized JPA EntityManagerFactory for persistence unit 'default'
2021-12-26 21:47:55.015  WARN 11768 --- [           main] JpaBaseConfiguration$JpaWebConfiguration : spring.jpa.open-in-view is enabled by default. Therefore, database queries may be performed during view rendering. Explicitly configure spring.jpa.open-in-view to disable this warning
2021-12-26 21:47:55.909  INFO 11768 --- [           main] o.s.s.web.DefaultSecurityFilterChain     : Will secure any request with [org.springframework.security.web.context.request.async.WebAsyncManagerIntegrationFilter@42516ce2, org.springframework.security.web.context.SecurityContextPersistenceFilter@487f025, org.springframework.security.web.header.HeaderWriterFilter@64547a83, org.springframework.security.web.authentication.logout.LogoutFilter@586a9fe1, org.springframework.security.web.authentication.www.BasicAuthenticationFilter@3dfe520, org.springframework.security.web.savedrequest.RequestCacheAwareFilter@7ef570be, org.springframework.security.web.servletapi.SecurityContextHolderAwareRequestFilter@39329d81, org.springframework.security.web.authentication.AnonymousAuthenticationFilter@74e111a8, org.springframework.security.web.session.SessionManagementFilter@2b3e2039, org.springframework.security.web.access.ExceptionTranslationFilter@1e8c9083, org.springframework.security.web.access.intercept.FilterSecurityInterceptor@75c0e6be]
2021-12-26 21:47:56.075  INFO 11768 --- [           main] o.s.b.t.m.w.SpringBootMockServletContext : Initializing Spring TestDispatcherServlet ''
2021-12-26 21:47:56.076  INFO 11768 --- [           main] o.s.t.web.servlet.TestDispatcherServlet  : Initializing Servlet ''
2021-12-26 21:47:56.077  INFO 11768 --- [           main] o.s.t.web.servlet.TestDispatcherServlet  : Completed initialization in 1 ms
2021-12-26 21:47:56.098  INFO 11768 --- [           main] c.d.notesapp.user.UserControllerTest     : Started UserControllerTest in 2.439 seconds (JVM running for 20.903)

MockHttpServletRequest:
      HTTP Method = GET
      Request URI = /
       Parameters = {}
          Headers = [Accept:"application/json"]
             Body = null
    Session Attrs = {}

Handler:
             Type = null

Async:
    Async started = false
     Async result = null

Resolved Exception:
             Type = null

ModelAndView:
        View name = null
             View = null
            Model = null

FlashMap:
       Attributes = null

MockHttpServletResponse:
           Status = 401
    Error message = Unauthorized
          Headers = [WWW-Authenticate:"Basic realm="Realm"", X-Content-Type-Options:"nosniff", X-XSS-Protection:"1; mode=block", Cache-Control:"no-cache, no-store, max-age=0, must-revalidate", Pragma:"no-cache", Expires:"0", X-Frame-Options:"DENY"]
     Content type = null
             Body = 
    Forwarded URL = null
   Redirected URL = null
          Cookies = []
]]></system-out>
  </testcase>
</testsuite>