<?xml version="1.0" encoding="UTF-8"?>
<testsuite xmlns:xsi="http://www.w3.org/2001/XMLSchema-instance" xsi:noNamespaceSchemaLocation="https://maven.apache.org/surefire/maven-surefire-plugin/xsd/surefire-test-report.xsd" name="com.disqo.notesapp.user.UserControllerIntegrationTest" time="3.199" tests="1" errors="0" skipped="0" failures="1">
  <properties>
[...]
</properties>
  <testcase name="getHello" classname="com.disqo.notesapp.user.UserControllerIntegrationTest" time="0.533">
    <failure message="&#10;expected: &quot;Welcome to notes application!&quot;&#10;but was : &quot;{&quot;timestamp&quot;:&quot;2021-12-27T05:47:53.370+00:00&quot;,&quot;status&quot;:401,&quot;error&quot;:&quot;Unauthorized&quot;,&quot;path&quot;:&quot;/&quot;}&quot;" type="org.opentest4j.AssertionFailedError">org.opentest4j.AssertionFailedError: 

expected: "Welcome to notes application!"
but was : "{"timestamp":"2021-12-27T05:47:53.370+00:00","status":401,"error":"Unauthorized","path":"/"}"
	at com.disqo.notesapp.user.UserControllerIntegrationTest.getHello(UserControllerIntegrationTest.java:21)
</failure>
    <system-out><![CDATA[2021-12-26 21:47:50.381  INFO 11768 --- [           main] .b.t.c.SpringBootTestContextBootstrapper : Neither @ContextConfiguration nor @ContextHierarchy found for test class [com.disqo.notesapp.user.UserControllerIntegrationTest], using SpringBootContextLoader
2021-12-26 21:47:50.382  INFO 11768 --- [           main] o.s.t.c.support.AbstractContextLoader    : Could not detect default resource locations for test class [com.disqo.notesapp.user.UserControllerIntegrationTest]: no resource found for suffixes {-context.xml, Context.groovy}.
2021-12-26 21:47:50.382  INFO 11768 --- [           main] t.c.s.AnnotationConfigContextLoaderUtils : Could not detect default configuration classes for test class [com.disqo.notesapp.user.UserControllerIntegrationTest]: UserControllerIntegrationTest does not declare any static, non-private, non-final, nested classes annotated with @Configuration.
2021-12-26 21:47:50.394  INFO 11768 --- [           main] .b.t.c.SpringBootTestContextBootstrapper : Found @SpringBootConfiguration com.disqo.notesapp.NotesAppApplication for test class com.disqo.notesapp.user.UserControllerIntegrationTest
2021-12-26 21:47:50.397  INFO 11768 --- [           main] .b.t.c.SpringBootTestContextBootstrapper : Loaded default TestExecutionListener class names from location [META-INF/spring.factories]: [org.springframework.boot.test.mock.mockito.MockitoTestExecutionListener, org.springframework.boot.test.mock.mockito.ResetMocksTestExecutionListener, org.springframework.boot.test.autoconfigure.restdocs.RestDocsTestExecutionListener, org.springframework.boot.test.autoconfigure.web.client.MockRestServiceServerResetTestExecutionListener, org.springframework.boot.test.autoconfigure.web.servlet.MockMvcPrintOnlyOnFailureTestExecutionListener, org.springframework.boot.test.autoconfigure.web.servlet.WebDriverTestExecutionListener, org.springframework.boot.test.autoconfigure.webservices.client.MockWebServiceServerTestExecutionListener, org.springframework.test.context.web.ServletTestExecutionListener, org.springframework.test.context.support.DirtiesContextBeforeModesTestExecutionListener, org.springframework.test.context.event.ApplicationEventsTestExecutionListener, org.springframework.test.context.support.DependencyInjectionTestExecutionListener, org.springframework.test.context.support.DirtiesContextTestExecutionListener, org.springframework.test.context.transaction.TransactionalTestExecutionListener, org.springframework.test.context.jdbc.SqlScriptsTestExecutionListener, org.springframework.test.context.event.EventPublishingTestExecutionListener]
2021-12-26 21:47:50.397  INFO 11768 --- [           main] .b.t.c.SpringBootTestContextBootstrapper : Using TestExecutionListeners: [org.springframework.test.context.web.ServletTestExecutionListener@3b28ab9b, org.springframework.test.context.support.DirtiesContextBeforeModesTestExecutionListener@16c1345b, org.springframework.test.context.event.ApplicationEventsTestExecutionListener@278cbf5a, org.springframework.boot.test.mock.mockito.MockitoTestExecutionListener@1c41931a, org.springframework.boot.test.autoconfigure.SpringBootDependencyInjectionTestExecutionListener@62cb977a, org.springframework.test.context.support.DirtiesContextTestExecutionListener@7db70494, org.springframework.test.context.transaction.TransactionalTestExecutionListener@3f030217, org.springframework.test.context.jdbc.SqlScriptsTestExecutionListener@2fca9fae, org.springframework.test.context.event.EventPublishingTestExecutionListener@1104ad6a, org.springframework.boot.test.mock.mockito.ResetMocksTestExecutionListener@54d2887a, org.springframework.boot.test.autoconfigure.restdocs.RestDocsTestExecutionListener@73e63b4d, org.springframework.boot.test.autoconfigure.web.client.MockRestServiceServerResetTestExecutionListener@8aafd70, org.springframework.boot.test.autoconfigure.web.servlet.MockMvcPrintOnlyOnFailureTestExecutionListener@3c717ef2, org.springframework.boot.test.autoconfigure.web.servlet.WebDriverTestExecutionListener@7ca0b05e, org.springframework.boot.test.autoconfigure.webservices.client.MockWebServiceServerTestExecutionListener@3e5ed0d4]

  .   ____          _            __ _ _
 /\\ / ___'_ __ _ _(_)_ __  __ _ \ \ \ \
( ( )\___ | '_ | '_| | '_ \/ _` | \ \ \ \
 \\/  ___)| |_)| | | | | || (_| |  ) ) ) )
  '  |____| .__|_| |_|_| |_\__, | / / / /
 =========|_|==============|___/=/_/_/_/
 :: Spring Boot ::                (v2.5.8)

2021-12-26 21:47:50.471  INFO 11768 --- [           main] c.d.n.u.UserControllerIntegrationTest    : Starting UserControllerIntegrationTest using Java 17.0.1 on DESKTOP-AANTDR0 with PID 11768 (started by supri in C:\Users\supri\Desktop\Java related\notes-app)
2021-12-26 21:47:50.472  INFO 11768 --- [           main] c.d.n.u.UserControllerIntegrationTest    : No active profile set, falling back to default profiles: default
2021-12-26 21:47:50.804  INFO 11768 --- [           main] .s.d.r.c.RepositoryConfigurationDelegate : Bootstrapping Spring Data JPA repositories in DEFAULT mode.
2021-12-26 21:47:50.824  INFO 11768 --- [           main] .s.d.r.c.RepositoryConfigurationDelegate : Finished Spring Data repository scanning in 19 ms. Found 1 JPA repository interfaces.
2021-12-26 21:47:51.466  INFO 11768 --- [           main] o.s.b.w.embedded.tomcat.TomcatWebServer  : Tomcat initialized with port(s): 0 (http)
2021-12-26 21:47:51.482  INFO 11768 --- [           main] o.apache.catalina.core.StandardService   : Starting service [Tomcat]
2021-12-26 21:47:51.483  INFO 11768 --- [           main] org.apache.catalina.core.StandardEngine  : Starting Servlet engine: [Apache Tomcat/9.0.56]
2021-12-26 21:47:51.707  INFO 11768 --- [           main] o.a.c.c.C.[Tomcat].[localhost].[/]       : Initializing Spring embedded WebApplicationContext
2021-12-26 21:47:51.707  INFO 11768 --- [           main] w.s.c.ServletWebServerApplicationContext : Root WebApplicationContext: initialization completed in 1232 ms
2021-12-26 21:47:52.009  INFO 11768 --- [           main] o.hibernate.jpa.internal.util.LogHelper  : HHH000204: Processing PersistenceUnitInfo [name: default]
2021-12-26 21:47:52.018  INFO 11768 --- [           main] com.zaxxer.hikari.HikariDataSource       : HikariPool-2 - Starting...
2021-12-26 21:47:52.056  INFO 11768 --- [           main] com.zaxxer.hikari.HikariDataSource       : HikariPool-2 - Start completed.
2021-12-26 21:47:52.056  INFO 11768 --- [           main] org.hibernate.dialect.Dialect            : HHH000400: Using dialect: org.hibernate.dialect.MySQL8Dialect
2021-12-26 21:47:52.067  INFO 11768 --- [           main] o.hibernate.id.enhanced.TableGenerator   : HHH000398: Explicit segment value for id generator [hibernate_sequences.sequence_name] suggested; using default [default]
2021-12-26 21:47:52.101  INFO 11768 --- [           main] o.h.e.t.j.p.i.JtaPlatformInitiator       : HHH000490: Using JtaPlatform implementation: [org.hibernate.engine.transaction.jta.platform.internal.NoJtaPlatform]
2021-12-26 21:47:52.101  INFO 11768 --- [           main] j.LocalContainerEntityManagerFactoryBean : Initialized JPA EntityManagerFactory for persistence unit 'default'
2021-12-26 21:47:52.203  WARN 11768 --- [           main] JpaBaseConfiguration$JpaWebConfiguration : spring.jpa.open-in-view is enabled by default. Therefore, database queries may be performed during view rendering. Explicitly configure spring.jpa.open-in-view to disable this warning
2021-12-26 21:47:52.966  INFO 11768 --- [           main] o.s.s.web.DefaultSecurityFilterChain     : Will secure any request with [org.springframework.security.web.context.request.async.WebAsyncManagerIntegrationFilter@342a5b57, org.springframework.security.web.context.SecurityContextPersistenceFilter@4a15d5f5, org.springframework.security.web.header.HeaderWriterFilter@694dc99b, org.springframework.security.web.authentication.logout.LogoutFilter@52c68925, org.springframework.security.web.authentication.www.BasicAuthenticationFilter@51a73873, org.springframework.security.web.savedrequest.RequestCacheAwareFilter@5319efc0, org.springframework.security.web.servletapi.SecurityContextHolderAwareRequestFilter@549fe529, org.springframework.security.web.authentication.AnonymousAuthenticationFilter@5e781b4f, org.springframework.security.web.session.SessionManagementFilter@6d71f296, org.springframework.security.web.access.ExceptionTranslationFilter@20e73e41, org.springframework.security.web.access.intercept.FilterSecurityInterceptor@77e64a46]
2021-12-26 21:47:53.088  INFO 11768 --- [           main] o.s.b.w.embedded.tomcat.TomcatWebServer  : Tomcat started on port(s): 63781 (http) with context path ''
2021-12-26 21:47:53.094  INFO 11768 --- [           main] c.d.n.u.UserControllerIntegrationTest    : Started UserControllerIntegrationTest in 2.694 seconds (JVM running for 17.899)
2021-12-26 21:47:53.273  INFO 11768 --- [o-auto-1-exec-1] o.a.c.c.C.[Tomcat].[localhost].[/]       : Initializing Spring DispatcherServlet 'dispatcherServlet'
2021-12-26 21:47:53.274  INFO 11768 --- [o-auto-1-exec-1] o.s.web.servlet.DispatcherServlet        : Initializing Servlet 'dispatcherServlet'
2021-12-26 21:47:53.275  INFO 11768 --- [o-auto-1-exec-1] o.s.web.servlet.DispatcherServlet        : Completed initialization in 1 ms
]]></system-out>
  </testcase>
</testsuite>